<?xml version="1.0" encoding="UTF-8"?>
<!-- Generated by org.testng.reporters.JUnitReportReporter -->
<testsuite skipped="0" hostname="INLTH5CG7041C7J" name="com.tesco.gmail.smoke.GmailSmoke" tests="4" failures="0" timestamp="21 Dec 2019 06:11:12 GMT" time="32.605" errors="0">
  <testcase name="loginintoAccount" time="11.652" classname="com.tesco.gmail.smoke.GmailSmoke"/>
  <testcase name="logOut" time="7.846" classname="com.tesco.gmail.smoke.GmailSmoke"/>
  <testcase name="baseURL" time="10.784" classname="com.tesco.gmail.smoke.GmailSmoke"/>
  <testcase name="verifyLoginURL" time="2.323" classname="com.tesco.gmail.smoke.GmailSmoke"/>
</testsuite> <!-- com.tesco.gmail.smoke.GmailSmoke -->
